<?xml version="1.0" encoding="UTF-8"?>
<!-- Generated by org.testng.reporters.JUnitReportReporter -->
<testsuite skipped="0" hostname="winseltest" name="jenkinseltest.TestRep" tests="1" failures="0" timestamp="07 Jun 2019 07:36:53 GMT" time="12.893" errors="0">
  <testcase name="disp" time="12.893" classname="jenkinseltest.TestRep"/>
</testsuite> <!-- jenkinseltest.TestRep -->
